2025-12-22 10:48:33,697 INFO o.a.j.u.JMeterUtils: Setting Locale to en_EN
2025-12-22 10:48:33,709 INFO o.a.j.JMeter: Loading user properties from: /opt/homebrew/Cellar/jmeter/5.6.3/libexec/bin/user.properties
2025-12-22 10:48:33,709 INFO o.a.j.JMeter: Loading system properties from: /opt/homebrew/Cellar/jmeter/5.6.3/libexec/bin/system.properties
2025-12-22 10:48:33,712 INFO o.a.j.JMeter: Copyright (c) 1998-2024 The Apache Software Foundation
2025-12-22 10:48:33,712 INFO o.a.j.JMeter: Version 5.6.3
2025-12-22 10:48:33,712 INFO o.a.j.JMeter: java.version=21.0.9
2025-12-22 10:48:33,712 INFO o.a.j.JMeter: java.vm.name=OpenJDK 64-Bit Server VM
2025-12-22 10:48:33,712 INFO o.a.j.JMeter: os.name=Mac OS X
2025-12-22 10:48:33,712 INFO o.a.j.JMeter: os.arch=aarch64
2025-12-22 10:48:33,712 INFO o.a.j.JMeter: os.version=26.1
2025-12-22 10:48:33,712 INFO o.a.j.JMeter: file.encoding=UTF-8
2025-12-22 10:48:33,712 INFO o.a.j.JMeter: java.awt.headless=null
2025-12-22 10:48:33,712 INFO o.a.j.JMeter: Max memory     =1073741824
2025-12-22 10:48:33,712 INFO o.a.j.JMeter: Available Processors =11
2025-12-22 10:48:33,716 INFO o.a.j.JMeter: Default Locale=English (EN)
2025-12-22 10:48:33,717 INFO o.a.j.JMeter: JMeter  Locale=English (EN)
2025-12-22 10:48:33,717 INFO o.a.j.JMeter: JMeterHome=/opt/homebrew/Cellar/jmeter/5.6.3/libexec
2025-12-22 10:48:33,717 INFO o.a.j.JMeter: user.dir  =/Users/ramiltadzheddinov/Projects/is-itmo-lab
2025-12-22 10:48:33,717 INFO o.a.j.JMeter: PWD       =/Users/ramiltadzheddinov/Projects/is-itmo-lab
2025-12-22 10:48:33,719 INFO o.a.j.JMeter: IP: 127.0.0.1 Name: ramil-2.local FullName: localhost
2025-12-22 10:48:33,724 INFO o.a.j.JMeter: Loaded icon properties from org/apache/jmeter/images/icon.properties
2025-12-22 10:48:34,009 INFO o.a.j.JMeterGuiLauncher: Setting LAF to: com.github.weisj.darklaf.DarkLaf:com.github.weisj.darklaf.theme.DarculaTheme
2025-12-22 10:48:34,842 INFO o.a.j.r.ClassFinder: Will scan jar /opt/homebrew/Cellar/jmeter/5.6.3/libexec/lib/ext/jmeter-plugins-manager-1.9.jar with filter ExtendsClassFilter [parents=[interface org.apache.jmeter.gui.action.Command], inner=false, contains=null, notContains=null]. Consider exposing JMeter plugins via META-INF/services, and add JMeter-Skip-Class-Scanning=true manifest attribute so JMeter can skip classfile scanning
2025-12-22 10:48:34,906 INFO o.a.j.r.ClassFinder: Will scan jar /opt/homebrew/Cellar/jmeter/5.6.3/libexec/lib/ext/jmeter-plugins-manager-1.9.jar with filter ExtendsClassFilter [parents=[interface org.apache.jmeter.gui.plugin.MenuCreator], inner=false, contains=null, notContains=null]. Consider exposing JMeter plugins via META-INF/services, and add JMeter-Skip-Class-Scanning=true manifest attribute so JMeter can skip classfile scanning
2025-12-22 10:48:34,968 INFO o.j.r.JARSourceHTTP: Requesting https://jmeter-plugins.org/repo/?installID=mac_os_x-9722f7f5dcda331b66629fdf9820a68a-gui
2025-12-22 10:48:36,618 INFO o.j.r.PluginManager: Plugins Status: [jpgc-plugins-manager=1.9, jmeter-core=5.6.3, jmeter-ftp=5.6.3, jmeter-http=5.6.3, jmeter-jdbc=5.6.3, jmeter-jms=5.6.3, jmeter-junit=5.6.3, jmeter-java=5.6.3, jmeter-ldap=5.6.3, jmeter-mail=5.6.3, jmeter-mongodb=5.6.3, jmeter-native=5.6.3, jmeter-tcp=5.6.3, jmeter-components=5.6.3]
2025-12-22 10:48:36,621 INFO o.j.r.PluginManagerMenuItem: Plugins Manager has upgrades: [jpgc-plugins-manager]
2025-12-22 10:48:41,355 INFO o.a.j.s.FileServer: Default base='/Users/ramiltadzheddinov/Projects/is-itmo-lab'
2025-12-22 10:48:41,356 INFO o.a.j.g.a.Load: Loading file: /Users/ramiltadzheddinov/Projects/is-itmo-lab/jmeter/Test Plan.jmx
2025-12-22 10:48:41,356 INFO o.a.j.s.FileServer: Set new base='/Users/ramiltadzheddinov/Projects/is-itmo-lab/jmeter'
2025-12-22 10:48:41,431 INFO o.a.j.s.SaveService: Testplan (JMX) version: 2.2. Testlog (JTL) version: 2.2
2025-12-22 10:48:41,433 INFO o.a.j.s.SaveService: Using SaveService properties version 5.0
2025-12-22 10:48:41,434 INFO o.a.j.s.SaveService: Using SaveService properties file encoding UTF-8
2025-12-22 10:48:41,434 INFO o.a.j.s.SaveService: Loading file: /Users/ramiltadzheddinov/Projects/is-itmo-lab/jmeter/Test Plan.jmx
2025-12-22 10:48:41,476 INFO o.a.j.p.h.s.HTTPSamplerBase: Parser for text/html is org.apache.jmeter.protocol.http.parser.LagartoBasedHtmlParser
2025-12-22 10:48:41,476 INFO o.a.j.p.h.s.HTTPSamplerBase: Parser for application/xhtml+xml is org.apache.jmeter.protocol.http.parser.LagartoBasedHtmlParser
2025-12-22 10:48:41,476 INFO o.a.j.p.h.s.HTTPSamplerBase: Parser for application/xml is org.apache.jmeter.protocol.http.parser.LagartoBasedHtmlParser
2025-12-22 10:48:41,476 INFO o.a.j.p.h.s.HTTPSamplerBase: Parser for text/xml is org.apache.jmeter.protocol.http.parser.LagartoBasedHtmlParser
2025-12-22 10:48:41,476 INFO o.a.j.p.h.s.HTTPSamplerBase: Parser for text/vnd.wap.wml is org.apache.jmeter.protocol.http.parser.RegexpHTMLParser
2025-12-22 10:48:41,476 INFO o.a.j.p.h.s.HTTPSamplerBase: Parser for text/css is org.apache.jmeter.protocol.http.parser.CssParser
2025-12-22 10:48:41,580 INFO o.a.j.s.SampleResult: Note: Sample TimeStamps are START times
2025-12-22 10:48:41,580 INFO o.a.j.s.SampleResult: sampleresult.default.encoding is set to UTF-8
2025-12-22 10:48:41,580 INFO o.a.j.s.SampleResult: sampleresult.useNanoTime=true
2025-12-22 10:48:41,580 INFO o.a.j.s.SampleResult: sampleresult.nanoThreadSleep=5000
2025-12-22 10:48:41,617 INFO o.a.j.r.ClassFinder: Will scan jar /opt/homebrew/Cellar/jmeter/5.6.3/libexec/lib/ext/jmeter-plugins-manager-1.9.jar with filter ExtendsClassFilter [parents=[interface org.apache.jmeter.visualizers.ResultRenderer], inner=false, contains=null, notContains=null]. Consider exposing JMeter plugins via META-INF/services, and add JMeter-Skip-Class-Scanning=true manifest attribute so JMeter can skip classfile scanning
2025-12-22 10:48:41,625 INFO o.a.j.r.ClassFinder: Will scan jar /opt/homebrew/Cellar/jmeter/5.6.3/libexec/lib/ext/jmeter-plugins-manager-1.9.jar with filter ExtendsClassFilter [parents=[interface org.apache.jmeter.visualizers.RequestView], inner=false, contains=null, notContains=null]. Consider exposing JMeter plugins via META-INF/services, and add JMeter-Skip-Class-Scanning=true manifest attribute so JMeter can skip classfile scanning
2025-12-22 10:48:41,644 INFO o.a.j.r.ClassFinder: Will scan jar /opt/homebrew/Cellar/jmeter/5.6.3/libexec/lib/ext/jmeter-plugins-manager-1.9.jar with filter ExtendsClassFilter [parents=[interface org.apache.jmeter.visualizers.ResultRenderer], inner=false, contains=null, notContains=null]. Consider exposing JMeter plugins via META-INF/services, and add JMeter-Skip-Class-Scanning=true manifest attribute so JMeter can skip classfile scanning
2025-12-22 10:48:41,650 INFO o.a.j.r.ClassFinder: Will scan jar /opt/homebrew/Cellar/jmeter/5.6.3/libexec/lib/ext/jmeter-plugins-manager-1.9.jar with filter ExtendsClassFilter [parents=[interface org.apache.jmeter.visualizers.RequestView], inner=false, contains=null, notContains=null]. Consider exposing JMeter plugins via META-INF/services, and add JMeter-Skip-Class-Scanning=true manifest attribute so JMeter can skip classfile scanning
2025-12-22 10:48:41,677 INFO o.a.j.r.ClassFinder: Will scan jar /opt/homebrew/Cellar/jmeter/5.6.3/libexec/lib/ext/jmeter-plugins-manager-1.9.jar with filter ExtendsClassFilter [parents=[interface org.apache.jmeter.visualizers.ResultRenderer], inner=false, contains=null, notContains=null]. Consider exposing JMeter plugins via META-INF/services, and add JMeter-Skip-Class-Scanning=true manifest attribute so JMeter can skip classfile scanning
2025-12-22 10:48:41,682 INFO o.a.j.r.ClassFinder: Will scan jar /opt/homebrew/Cellar/jmeter/5.6.3/libexec/lib/ext/jmeter-plugins-manager-1.9.jar with filter ExtendsClassFilter [parents=[interface org.apache.jmeter.visualizers.RequestView], inner=false, contains=null, notContains=null]. Consider exposing JMeter plugins via META-INF/services, and add JMeter-Skip-Class-Scanning=true manifest attribute so JMeter can skip classfile scanning
2025-12-22 10:48:41,698 INFO o.a.j.r.ClassFinder: Will scan jar /opt/homebrew/Cellar/jmeter/5.6.3/libexec/lib/ext/jmeter-plugins-manager-1.9.jar with filter ExtendsClassFilter [parents=[interface org.apache.jmeter.visualizers.ResultRenderer], inner=false, contains=null, notContains=null]. Consider exposing JMeter plugins via META-INF/services, and add JMeter-Skip-Class-Scanning=true manifest attribute so JMeter can skip classfile scanning
2025-12-22 10:48:41,702 INFO o.a.j.r.ClassFinder: Will scan jar /opt/homebrew/Cellar/jmeter/5.6.3/libexec/lib/ext/jmeter-plugins-manager-1.9.jar with filter ExtendsClassFilter [parents=[interface org.apache.jmeter.visualizers.RequestView], inner=false, contains=null, notContains=null]. Consider exposing JMeter plugins via META-INF/services, and add JMeter-Skip-Class-Scanning=true manifest attribute so JMeter can skip classfile scanning
2025-12-22 10:48:41,721 INFO o.a.j.r.ClassFinder: Will scan jar /opt/homebrew/Cellar/jmeter/5.6.3/libexec/lib/ext/jmeter-plugins-manager-1.9.jar with filter ExtendsClassFilter [parents=[interface org.apache.jmeter.visualizers.ResultRenderer], inner=false, contains=null, notContains=null]. Consider exposing JMeter plugins via META-INF/services, and add JMeter-Skip-Class-Scanning=true manifest attribute so JMeter can skip classfile scanning
2025-12-22 10:48:41,726 INFO o.a.j.r.ClassFinder: Will scan jar /opt/homebrew/Cellar/jmeter/5.6.3/libexec/lib/ext/jmeter-plugins-manager-1.9.jar with filter ExtendsClassFilter [parents=[interface org.apache.jmeter.visualizers.RequestView], inner=false, contains=null, notContains=null]. Consider exposing JMeter plugins via META-INF/services, and add JMeter-Skip-Class-Scanning=true manifest attribute so JMeter can skip classfile scanning
2025-12-22 10:48:41,740 INFO o.a.j.r.ClassFinder: Will scan jar /opt/homebrew/Cellar/jmeter/5.6.3/libexec/lib/ext/jmeter-plugins-manager-1.9.jar with filter ExtendsClassFilter [parents=[interface org.apache.jmeter.visualizers.ResultRenderer], inner=false, contains=null, notContains=null]. Consider exposing JMeter plugins via META-INF/services, and add JMeter-Skip-Class-Scanning=true manifest attribute so JMeter can skip classfile scanning
2025-12-22 10:48:41,745 INFO o.a.j.r.ClassFinder: Will scan jar /opt/homebrew/Cellar/jmeter/5.6.3/libexec/lib/ext/jmeter-plugins-manager-1.9.jar with filter ExtendsClassFilter [parents=[interface org.apache.jmeter.visualizers.RequestView], inner=false, contains=null, notContains=null]. Consider exposing JMeter plugins via META-INF/services, and add JMeter-Skip-Class-Scanning=true manifest attribute so JMeter can skip classfile scanning
2025-12-22 10:48:41,759 INFO o.a.j.r.ClassFinder: Will scan jar /opt/homebrew/Cellar/jmeter/5.6.3/libexec/lib/ext/jmeter-plugins-manager-1.9.jar with filter ExtendsClassFilter [parents=[interface org.apache.jmeter.visualizers.ResultRenderer], inner=false, contains=null, notContains=null]. Consider exposing JMeter plugins via META-INF/services, and add JMeter-Skip-Class-Scanning=true manifest attribute so JMeter can skip classfile scanning
2025-12-22 10:48:41,763 INFO o.a.j.r.ClassFinder: Will scan jar /opt/homebrew/Cellar/jmeter/5.6.3/libexec/lib/ext/jmeter-plugins-manager-1.9.jar with filter ExtendsClassFilter [parents=[interface org.apache.jmeter.visualizers.RequestView], inner=false, contains=null, notContains=null]. Consider exposing JMeter plugins via META-INF/services, and add JMeter-Skip-Class-Scanning=true manifest attribute so JMeter can skip classfile scanning
2025-12-22 10:48:41,777 INFO o.a.j.r.ClassFinder: Will scan jar /opt/homebrew/Cellar/jmeter/5.6.3/libexec/lib/ext/jmeter-plugins-manager-1.9.jar with filter ExtendsClassFilter [parents=[interface org.apache.jmeter.visualizers.ResultRenderer], inner=false, contains=null, notContains=null]. Consider exposing JMeter plugins via META-INF/services, and add JMeter-Skip-Class-Scanning=true manifest attribute so JMeter can skip classfile scanning
2025-12-22 10:48:41,781 INFO o.a.j.r.ClassFinder: Will scan jar /opt/homebrew/Cellar/jmeter/5.6.3/libexec/lib/ext/jmeter-plugins-manager-1.9.jar with filter ExtendsClassFilter [parents=[interface org.apache.jmeter.visualizers.RequestView], inner=false, contains=null, notContains=null]. Consider exposing JMeter plugins via META-INF/services, and add JMeter-Skip-Class-Scanning=true manifest attribute so JMeter can skip classfile scanning
2025-12-22 10:48:41,794 INFO o.a.j.r.ClassFinder: Will scan jar /opt/homebrew/Cellar/jmeter/5.6.3/libexec/lib/ext/jmeter-plugins-manager-1.9.jar with filter ExtendsClassFilter [parents=[interface org.apache.jmeter.visualizers.ResultRenderer], inner=false, contains=null, notContains=null]. Consider exposing JMeter plugins via META-INF/services, and add JMeter-Skip-Class-Scanning=true manifest attribute so JMeter can skip classfile scanning
2025-12-22 10:48:41,797 INFO o.a.j.r.ClassFinder: Will scan jar /opt/homebrew/Cellar/jmeter/5.6.3/libexec/lib/ext/jmeter-plugins-manager-1.9.jar with filter ExtendsClassFilter [parents=[interface org.apache.jmeter.visualizers.RequestView], inner=false, contains=null, notContains=null]. Consider exposing JMeter plugins via META-INF/services, and add JMeter-Skip-Class-Scanning=true manifest attribute so JMeter can skip classfile scanning
2025-12-22 10:48:41,810 INFO o.a.j.r.ClassFinder: Will scan jar /opt/homebrew/Cellar/jmeter/5.6.3/libexec/lib/ext/jmeter-plugins-manager-1.9.jar with filter ExtendsClassFilter [parents=[interface org.apache.jmeter.visualizers.ResultRenderer], inner=false, contains=null, notContains=null]. Consider exposing JMeter plugins via META-INF/services, and add JMeter-Skip-Class-Scanning=true manifest attribute so JMeter can skip classfile scanning
2025-12-22 10:48:41,814 INFO o.a.j.r.ClassFinder: Will scan jar /opt/homebrew/Cellar/jmeter/5.6.3/libexec/lib/ext/jmeter-plugins-manager-1.9.jar with filter ExtendsClassFilter [parents=[interface org.apache.jmeter.visualizers.RequestView], inner=false, contains=null, notContains=null]. Consider exposing JMeter plugins via META-INF/services, and add JMeter-Skip-Class-Scanning=true manifest attribute so JMeter can skip classfile scanning
2025-12-22 10:48:41,828 INFO o.a.j.r.ClassFinder: Will scan jar /opt/homebrew/Cellar/jmeter/5.6.3/libexec/lib/ext/jmeter-plugins-manager-1.9.jar with filter ExtendsClassFilter [parents=[interface org.apache.jmeter.visualizers.ResultRenderer], inner=false, contains=null, notContains=null]. Consider exposing JMeter plugins via META-INF/services, and add JMeter-Skip-Class-Scanning=true manifest attribute so JMeter can skip classfile scanning
2025-12-22 10:48:41,832 INFO o.a.j.r.ClassFinder: Will scan jar /opt/homebrew/Cellar/jmeter/5.6.3/libexec/lib/ext/jmeter-plugins-manager-1.9.jar with filter ExtendsClassFilter [parents=[interface org.apache.jmeter.visualizers.RequestView], inner=false, contains=null, notContains=null]. Consider exposing JMeter plugins via META-INF/services, and add JMeter-Skip-Class-Scanning=true manifest attribute so JMeter can skip classfile scanning
2025-12-22 10:48:41,845 INFO o.a.j.r.ClassFinder: Will scan jar /opt/homebrew/Cellar/jmeter/5.6.3/libexec/lib/ext/jmeter-plugins-manager-1.9.jar with filter ExtendsClassFilter [parents=[interface org.apache.jmeter.visualizers.ResultRenderer], inner=false, contains=null, notContains=null]. Consider exposing JMeter plugins via META-INF/services, and add JMeter-Skip-Class-Scanning=true manifest attribute so JMeter can skip classfile scanning
2025-12-22 10:48:41,850 INFO o.a.j.r.ClassFinder: Will scan jar /opt/homebrew/Cellar/jmeter/5.6.3/libexec/lib/ext/jmeter-plugins-manager-1.9.jar with filter ExtendsClassFilter [parents=[interface org.apache.jmeter.visualizers.RequestView], inner=false, contains=null, notContains=null]. Consider exposing JMeter plugins via META-INF/services, and add JMeter-Skip-Class-Scanning=true manifest attribute so JMeter can skip classfile scanning
2025-12-22 10:48:41,863 INFO o.a.j.r.ClassFinder: Will scan jar /opt/homebrew/Cellar/jmeter/5.6.3/libexec/lib/ext/jmeter-plugins-manager-1.9.jar with filter ExtendsClassFilter [parents=[interface org.apache.jmeter.visualizers.ResultRenderer], inner=false, contains=null, notContains=null]. Consider exposing JMeter plugins via META-INF/services, and add JMeter-Skip-Class-Scanning=true manifest attribute so JMeter can skip classfile scanning
2025-12-22 10:48:41,867 INFO o.a.j.r.ClassFinder: Will scan jar /opt/homebrew/Cellar/jmeter/5.6.3/libexec/lib/ext/jmeter-plugins-manager-1.9.jar with filter ExtendsClassFilter [parents=[interface org.apache.jmeter.visualizers.RequestView], inner=false, contains=null, notContains=null]. Consider exposing JMeter plugins via META-INF/services, and add JMeter-Skip-Class-Scanning=true manifest attribute so JMeter can skip classfile scanning
2025-12-22 10:48:41,879 INFO o.a.j.r.ClassFinder: Will scan jar /opt/homebrew/Cellar/jmeter/5.6.3/libexec/lib/ext/jmeter-plugins-manager-1.9.jar with filter ExtendsClassFilter [parents=[interface org.apache.jmeter.visualizers.ResultRenderer], inner=false, contains=null, notContains=null]. Consider exposing JMeter plugins via META-INF/services, and add JMeter-Skip-Class-Scanning=true manifest attribute so JMeter can skip classfile scanning
2025-12-22 10:48:41,882 INFO o.a.j.r.ClassFinder: Will scan jar /opt/homebrew/Cellar/jmeter/5.6.3/libexec/lib/ext/jmeter-plugins-manager-1.9.jar with filter ExtendsClassFilter [parents=[interface org.apache.jmeter.visualizers.RequestView], inner=false, contains=null, notContains=null]. Consider exposing JMeter plugins via META-INF/services, and add JMeter-Skip-Class-Scanning=true manifest attribute so JMeter can skip classfile scanning
2025-12-22 10:48:41,895 INFO o.a.j.s.FileServer: Set new base='/Users/ramiltadzheddinov/Projects/is-itmo-lab/jmeter'
2025-12-22 10:48:46,436 INFO o.a.j.e.StandardJMeterEngine: Running the test!
2025-12-22 10:48:46,437 INFO o.a.j.s.SampleEvent: List of sample_variables: []
2025-12-22 10:48:46,437 INFO o.a.j.s.SampleEvent: List of sample_variables: []
2025-12-22 10:48:46,437 INFO o.a.j.e.u.CompoundVariable: Note: Function class names must contain the string: '.functions.'
2025-12-22 10:48:46,437 INFO o.a.j.e.u.CompoundVariable: Note: Function class names must not contain the string: '.gui.'
2025-12-22 10:48:46,460 INFO o.a.j.r.ClassFinder: Will scan jar /opt/homebrew/Cellar/jmeter/5.6.3/libexec/lib/ext/jmeter-plugins-manager-1.9.jar with filter ExtendsClassFilter [parents=[interface org.apache.jmeter.functions.Function], inner=false, contains=null, notContains=null]. Consider exposing JMeter plugins via META-INF/services, and add JMeter-Skip-Class-Scanning=true manifest attribute so JMeter can skip classfile scanning
2025-12-22 10:48:46,475 INFO o.a.j.g.u.JMeterMenuBar: setRunning(true, *local*)
2025-12-22 10:48:46,498 INFO o.a.j.e.StandardJMeterEngine: Starting ThreadGroup: 1 : IMPORT | IMPORT 
2025-12-22 10:48:46,498 INFO o.a.j.e.StandardJMeterEngine: Starting 1 threads for group IMPORT | IMPORT .
2025-12-22 10:48:46,498 INFO o.a.j.e.StandardJMeterEngine: Thread will continue on error
2025-12-22 10:48:46,498 INFO o.a.j.t.ThreadGroup: Starting thread group... number=1 threads=1 ramp-up=0 delayedStart=false
2025-12-22 10:48:46,499 INFO o.a.j.t.ThreadGroup: Started thread group number 1
2025-12-22 10:48:46,499 INFO o.a.j.e.StandardJMeterEngine: All thread groups have been started
2025-12-22 10:48:46,499 INFO o.a.j.t.JMeterThread: Thread started: IMPORT | IMPORT  1-1
2025-12-22 10:48:46,502 INFO o.a.j.p.h.s.HTTPHCAbstractImpl: Local host = ramil-2.local
2025-12-22 10:48:46,505 INFO o.a.j.p.h.s.HTTPHC4Impl: HTTP request retry count = 0
2025-12-22 10:48:47,255 INFO o.a.j.t.JMeterThread: Thread is done: IMPORT | IMPORT  1-1
2025-12-22 10:48:47,256 INFO o.a.j.t.JMeterThread: Thread finished: IMPORT | IMPORT  1-1
2025-12-22 10:48:47,256 INFO o.a.j.e.StandardJMeterEngine: Notifying test listeners of end of test
2025-12-22 10:48:47,256 INFO o.a.j.g.u.JMeterMenuBar: setRunning(false, *local*)
2025-12-22 16:11:15,464 INFO o.a.j.e.StandardJMeterEngine: Running the test!
2025-12-22 16:11:15,465 INFO o.a.j.s.SampleEvent: List of sample_variables: []
2025-12-22 16:11:15,466 INFO o.a.j.g.u.JMeterMenuBar: setRunning(true, *local*)
2025-12-22 16:11:15,516 INFO o.a.j.e.StandardJMeterEngine: Starting ThreadGroup: 1 : IMPORT | IMPORT 
2025-12-22 16:11:15,517 INFO o.a.j.e.StandardJMeterEngine: Starting 1 threads for group IMPORT | IMPORT .
2025-12-22 16:11:15,517 INFO o.a.j.e.StandardJMeterEngine: Thread will continue on error
2025-12-22 16:11:15,517 INFO o.a.j.t.ThreadGroup: Starting thread group... number=1 threads=1 ramp-up=0 delayedStart=false
2025-12-22 16:11:15,517 INFO o.a.j.t.ThreadGroup: Started thread group number 1
2025-12-22 16:11:15,517 INFO o.a.j.e.StandardJMeterEngine: All thread groups have been started
2025-12-22 16:11:15,517 INFO o.a.j.t.JMeterThread: Thread started: IMPORT | IMPORT  1-1
2025-12-22 16:11:15,952 INFO o.a.j.t.JMeterThread: Thread is done: IMPORT | IMPORT  1-1
2025-12-22 16:11:15,952 INFO o.a.j.t.JMeterThread: Thread finished: IMPORT | IMPORT  1-1
2025-12-22 16:11:15,953 INFO o.a.j.e.StandardJMeterEngine: Notifying test listeners of end of test
2025-12-22 16:11:15,953 INFO o.a.j.g.u.JMeterMenuBar: setRunning(false, *local*)
2025-12-22 16:11:52,698 INFO o.a.j.e.StandardJMeterEngine: Running the test!
2025-12-22 16:11:52,698 INFO o.a.j.s.SampleEvent: List of sample_variables: []
2025-12-22 16:11:52,699 INFO o.a.j.g.u.JMeterMenuBar: setRunning(true, *local*)
2025-12-22 16:11:52,741 INFO o.a.j.e.StandardJMeterEngine: Starting ThreadGroup: 1 : CREATE | IMPORT
2025-12-22 16:11:52,741 INFO o.a.j.e.StandardJMeterEngine: Starting 1 threads for group CREATE | IMPORT.
2025-12-22 16:11:52,741 INFO o.a.j.e.StandardJMeterEngine: Thread will continue on error
2025-12-22 16:11:52,741 INFO o.a.j.t.ThreadGroup: Starting thread group... number=1 threads=1 ramp-up=0 delayedStart=false
2025-12-22 16:11:52,742 INFO o.a.j.t.ThreadGroup: Started thread group number 1
2025-12-22 16:11:52,742 INFO o.a.j.e.StandardJMeterEngine: All thread groups have been started
2025-12-22 16:11:52,742 INFO o.a.j.t.JMeterThread: Thread started: CREATE | IMPORT 1-1
2025-12-22 16:11:53,104 INFO o.a.j.t.JMeterThread: Thread is done: CREATE | IMPORT 1-1
2025-12-22 16:11:53,104 INFO o.a.j.t.JMeterThread: Thread finished: CREATE | IMPORT 1-1
2025-12-22 16:11:53,105 INFO o.a.j.e.StandardJMeterEngine: Notifying test listeners of end of test
2025-12-22 16:11:53,105 INFO o.a.j.g.u.JMeterMenuBar: setRunning(false, *local*)
2025-12-22 16:12:04,529 INFO o.a.j.e.StandardJMeterEngine: Running the test!
2025-12-22 16:12:04,529 INFO o.a.j.s.SampleEvent: List of sample_variables: []
2025-12-22 16:12:04,530 INFO o.a.j.g.u.JMeterMenuBar: setRunning(true, *local*)
2025-12-22 16:12:04,565 INFO o.a.j.e.StandardJMeterEngine: Starting ThreadGroup: 1 : CREATE | IMPORT
2025-12-22 16:12:04,566 INFO o.a.j.e.StandardJMeterEngine: Starting 1 threads for group CREATE | IMPORT.
2025-12-22 16:12:04,566 INFO o.a.j.e.StandardJMeterEngine: Thread will continue on error
2025-12-22 16:12:04,566 INFO o.a.j.t.ThreadGroup: Starting thread group... number=1 threads=1 ramp-up=0 delayedStart=false
2025-12-22 16:12:04,566 INFO o.a.j.t.ThreadGroup: Started thread group number 1
2025-12-22 16:12:04,566 INFO o.a.j.e.StandardJMeterEngine: All thread groups have been started
2025-12-22 16:12:04,566 INFO o.a.j.t.JMeterThread: Thread started: CREATE | IMPORT 1-1
2025-12-22 16:12:05,219 INFO o.a.j.t.JMeterThread: Thread is done: CREATE | IMPORT 1-1
2025-12-22 16:12:05,219 INFO o.a.j.t.JMeterThread: Thread finished: CREATE | IMPORT 1-1
2025-12-22 16:12:05,219 INFO o.a.j.e.StandardJMeterEngine: Notifying test listeners of end of test
2025-12-22 16:12:05,219 INFO o.a.j.g.u.JMeterMenuBar: setRunning(false, *local*)
2025-12-22 16:12:53,525 INFO o.a.j.e.StandardJMeterEngine: Running the test!
2025-12-22 16:12:53,526 INFO o.a.j.s.SampleEvent: List of sample_variables: []
2025-12-22 16:12:53,526 INFO o.a.j.g.u.JMeterMenuBar: setRunning(true, *local*)
2025-12-22 16:12:53,561 INFO o.a.j.e.StandardJMeterEngine: Starting ThreadGroup: 1 : CREATE | UPDATE
2025-12-22 16:12:53,561 INFO o.a.j.e.StandardJMeterEngine: Starting 1 threads for group CREATE | UPDATE.
2025-12-22 16:12:53,561 INFO o.a.j.e.StandardJMeterEngine: Thread will continue on error
2025-12-22 16:12:53,561 INFO o.a.j.t.ThreadGroup: Starting thread group... number=1 threads=1 ramp-up=0 delayedStart=false
2025-12-22 16:12:53,562 INFO o.a.j.t.ThreadGroup: Started thread group number 1
2025-12-22 16:12:53,562 INFO o.a.j.e.StandardJMeterEngine: All thread groups have been started
2025-12-22 16:12:53,562 INFO o.a.j.t.JMeterThread: Thread started: CREATE | UPDATE 1-1
2025-12-22 16:12:53,896 INFO o.a.j.t.JMeterThread: Thread is done: CREATE | UPDATE 1-1
2025-12-22 16:12:53,896 INFO o.a.j.t.JMeterThread: Thread finished: CREATE | UPDATE 1-1
2025-12-22 16:12:53,896 INFO o.a.j.e.StandardJMeterEngine: Notifying test listeners of end of test
2025-12-22 16:12:53,896 INFO o.a.j.g.u.JMeterMenuBar: setRunning(false, *local*)
2025-12-22 16:13:28,251 INFO o.a.j.e.StandardJMeterEngine: Running the test!
2025-12-22 16:13:28,251 INFO o.a.j.s.SampleEvent: List of sample_variables: []
2025-12-22 16:13:28,251 INFO o.a.j.g.u.JMeterMenuBar: setRunning(true, *local*)
2025-12-22 16:13:28,290 INFO o.a.j.e.StandardJMeterEngine: Starting ThreadGroup: 1 : Concurrent
2025-12-22 16:13:28,290 INFO o.a.j.e.StandardJMeterEngine: Starting 2 threads for group Concurrent.
2025-12-22 16:13:28,290 INFO o.a.j.e.StandardJMeterEngine: Thread will continue on error
2025-12-22 16:13:28,290 INFO o.a.j.t.ThreadGroup: Starting thread group... number=1 threads=2 ramp-up=0 delayedStart=false
2025-12-22 16:13:28,291 INFO o.a.j.t.ThreadGroup: Started thread group number 1
2025-12-22 16:13:28,291 INFO o.a.j.e.StandardJMeterEngine: All thread groups have been started
2025-12-22 16:13:28,291 INFO o.a.j.t.JMeterThread: Thread started: Concurrent 1-2
2025-12-22 16:13:28,291 INFO o.a.j.t.JMeterThread: Thread started: Concurrent 1-1
2025-12-22 16:13:28,482 INFO o.a.j.t.JMeterThread: Thread is done: Concurrent 1-1
2025-12-22 16:13:28,482 INFO o.a.j.t.JMeterThread: Thread is done: Concurrent 1-2
2025-12-22 16:13:28,482 INFO o.a.j.t.JMeterThread: Thread finished: Concurrent 1-1
2025-12-22 16:13:28,482 INFO o.a.j.t.JMeterThread: Thread finished: Concurrent 1-2
2025-12-22 16:13:28,482 INFO o.a.j.e.StandardJMeterEngine: Notifying test listeners of end of test
2025-12-22 16:13:28,482 INFO o.a.j.g.u.JMeterMenuBar: setRunning(false, *local*)
2025-12-22 16:14:07,586 INFO o.a.j.e.StandardJMeterEngine: Running the test!
2025-12-22 16:14:07,587 INFO o.a.j.s.SampleEvent: List of sample_variables: []
2025-12-22 16:14:07,587 INFO o.a.j.g.u.JMeterMenuBar: setRunning(true, *local*)
2025-12-22 16:14:07,612 INFO o.a.j.e.StandardJMeterEngine: Starting ThreadGroup: 1 : Concurrent
2025-12-22 16:14:07,613 INFO o.a.j.e.StandardJMeterEngine: Starting 2 threads for group Concurrent.
2025-12-22 16:14:07,613 INFO o.a.j.e.StandardJMeterEngine: Thread will continue on error
2025-12-22 16:14:07,613 INFO o.a.j.t.ThreadGroup: Starting thread group... number=1 threads=2 ramp-up=0 delayedStart=false
2025-12-22 16:14:07,613 INFO o.a.j.t.ThreadGroup: Started thread group number 1
2025-12-22 16:14:07,613 INFO o.a.j.t.JMeterThread: Thread started: Concurrent 1-1
2025-12-22 16:14:07,613 INFO o.a.j.e.StandardJMeterEngine: All thread groups have been started
2025-12-22 16:14:07,613 INFO o.a.j.t.JMeterThread: Thread started: Concurrent 1-2
2025-12-22 16:14:07,939 INFO o.a.j.t.JMeterThread: Thread is done: Concurrent 1-1
2025-12-22 16:14:07,939 INFO o.a.j.t.JMeterThread: Thread finished: Concurrent 1-1
2025-12-22 16:14:08,097 INFO o.a.j.t.JMeterThread: Thread is done: Concurrent 1-2
2025-12-22 16:14:08,097 INFO o.a.j.t.JMeterThread: Thread finished: Concurrent 1-2
2025-12-22 16:14:08,097 INFO o.a.j.e.StandardJMeterEngine: Notifying test listeners of end of test
2025-12-22 16:14:08,097 INFO o.a.j.g.u.JMeterMenuBar: setRunning(false, *local*)
